<?xml version="1.0" encoding="UTF-8"?>
<!-- Generated by org.testng.reporters.JUnitReportReporter -->
<testsuite hostname="LAPTOP-IQ06DEC2" failures="0" tests="3" name="com.runner.TestNgRunner" time="10.741" errors="0" timestamp="2023-01-10T11:39:39 IST" skipped="0">
  <testcase classname="com.runner.TestNgRunner" name="runScenario" time="2.352"/>
  <system-out/>
  <testcase classname="com.runner.TestNgRunner" name="runScenario" time="4.166"/>
  <system-out/>
  <testcase classname="com.runner.TestNgRunner" name="runScenario" time="4.223"/>
  <system-out/>
</testsuite> <!-- com.runner.TestNgRunner -->
